<?xml version="1.0" encoding="UTF-8"?>
<!-- Generated by org.testng.reporters.JUnitReportReporter -->
<testsuite hostname="Mypc" name="testNG.Example2" tests="1" failures="0" timestamp="7 Sep 2018 17:15:05 GMT" time="5.645" errors="0">
  <testcase name="clickSitemap" time="5.645" classname="testNG.Example2"/>
</testsuite> <!-- testNG.Example2 -->
