<?xml version="1.0" encoding="UTF-8"?>
<!-- Generated by org.testng.reporters.JUnitReportReporter -->
<testsuite hostname="Mypc" name="testNG.BasicAnnotationsEg" tests="3" failures="0" timestamp="7 Sep 2018 16:57:18 GMT" time="0.089" errors="0">
  <testcase name="Apple" time="0.016" classname="testNG.BasicAnnotationsEg"/>
  <testcase name="Function1" time="0.065" classname="testNG.BasicAnnotationsEg"/>
  <testcase name="Function2" time="0.008" classname="testNG.BasicAnnotationsEg"/>
</testsuite> <!-- testNG.BasicAnnotationsEg -->
