<?xml version="1.0" encoding="UTF-8"?>
<!-- Generated by org.testng.reporters.JUnitReportReporter -->
<testsuite hostname="Mypc" name="testNG.EmpReg_TestNG" tests="1" failures="0" timestamp="8 Sep 2018 09:03:05 GMT" time="27.622" errors="0">
  <testcase name="Empreg" time="27.622" classname="testNG.EmpReg_TestNG"/>
</testsuite> <!-- testNG.EmpReg_TestNG -->
