<?xml version="1.0" encoding="UTF-8"?>
<!-- Generated by org.testng.reporters.JUnitReportReporter -->
<testsuite hostname="Mypc" name="testNG.UserReg_TestNG" tests="1" failures="0" timestamp="8 Sep 2018 09:03:05 GMT" time="26.502" errors="0">
  <testcase name="Userreg" time="26.502" classname="testNG.UserReg_TestNG"/>
</testsuite> <!-- testNG.UserReg_TestNG -->
